[2026-06-08 12:05:31,722] 1025 httpx - INFO - HTTP Request: GET https://dagshub.com/api/v1/user "HTTP/1.1 200 OK"
[2026-06-08 12:05:31,740] 107 dagshub - INFO - Accessing as Puneet1223
[2026-06-08 12:05:33,004] 1025 httpx - INFO - HTTP Request: GET https://dagshub.com/api/v1/repos/Puneet1223/Network_Secuarity "HTTP/1.1 200 OK"
[2026-06-08 12:05:34,383] 1025 httpx - INFO - HTTP Request: GET https://dagshub.com/api/v1/user "HTTP/1.1 200 OK"
[2026-06-08 12:05:34,387] 107 dagshub - INFO - Initialized MLflow to track repo "Puneet1223/Network_Secuarity"
[2026-06-08 12:05:34,388] 107 dagshub - INFO - Repository Puneet1223/Network_Secuarity initialized!
[2026-06-08 12:05:44,734] 40 root - INFO - Start data Ingestion
[2026-06-08 12:05:48,758] 66 root - INFO - Performed train test split on the dataframe
[2026-06-08 12:05:48,758] 68 root - INFO - Exited split_data_as_train_test method of Data_Ingestion class
[2026-06-08 12:05:48,759] 76 root - INFO - Exporting train and test file path.
[2026-06-08 12:05:49,044] 85 root - INFO - Exported train and test file path.
[2026-06-08 12:05:49,045] 43 root - INFO - Data Ingestion completed and artifact: DataIngestionArtifact(train_file_path='Artifacts/06_08_2026_12_05_20/data_ingestion/ingested/train.csv', test_file_path='Artifacts/06_08_2026_12_05_20/data_ingestion/ingested/test.csv')
[2026-06-08 12:05:49,062] 53 root - INFO - Initiate the data Validation
[2026-06-08 12:05:49,232] 34 root - INFO - Required number of columns:2
[2026-06-08 12:05:49,233] 35 root - INFO - Data frame has columns:31
[2026-06-08 12:05:49,233] 34 root - INFO - Required number of columns:2
[2026-06-08 12:05:49,233] 35 root - INFO - Data frame has columns:31
[2026-06-08 12:05:49,703] 66 root - INFO - Entered initiate_data_transformation method of DataTransformation class
[2026-06-08 12:05:49,703] 68 root - INFO - Starting data transformation
[2026-06-08 12:05:49,783] 51 root - INFO - Entered get_data_trnasformer_object method of Trnasformation class
[2026-06-08 12:05:49,783] 56 root - INFO - Initialise KNNImputer with {'missing_values': nan, 'n_neighbors': 3, 'weights': 'uniform'}
[2026-06-08 12:05:49,824] 41 root - INFO - Entered the save_object method of MainUtils class
[2026-06-08 12:05:49,835] 45 root - INFO - Exited the save_object method of MainUtils class
[2026-06-08 12:05:49,836] 41 root - INFO - Entered the save_object method of MainUtils class
[2026-06-08 12:05:49,850] 45 root - INFO - Exited the save_object method of MainUtils class
[2026-06-08 12:07:51,711] 41 root - INFO - Entered the save_object method of MainUtils class
[2026-06-08 12:07:51,712] 45 root - INFO - Exited the save_object method of MainUtils class
[2026-06-08 12:07:51,713] 41 root - INFO - Entered the save_object method of MainUtils class
[2026-06-08 12:07:51,726] 45 root - INFO - Exited the save_object method of MainUtils class
[2026-06-08 12:07:51,726] 131 root - INFO - Model trainer artifact: ModelTrainerArtifact(trained_model_file_path='Artifacts/06_08_2026_12_05_20/model_trainer/trained_model/model.pkl', train_metric_artifact=ClassificationMetricArtifact(f1_score=0.9914011127971675, precision_score=0.9902991107518189, recall_score=0.9925055701843225), test_metric_artifact=ClassificationMetricArtifact(f1_score=0.977449774497745, precision_score=0.977850697292863, recall_score=0.9770491803278688))
