[2026-06-05 22:24:38,727] 1025 httpx - INFO - HTTP Request: GET https://dagshub.com/api/v1/user "HTTP/1.1 200 OK"
[2026-06-05 22:24:38,739] 1025 httpx - INFO - HTTP Request: GET https://dagshub.com/api/v1/user "HTTP/1.1 200 OK"
[2026-06-05 22:24:38,744] 107 dagshub - INFO - Accessing as Puneet1223
[2026-06-05 22:24:38,760] 107 dagshub - INFO - Accessing as Puneet1223
[2026-06-05 22:24:40,127] 1025 httpx - INFO - HTTP Request: GET https://dagshub.com/api/v1/repos/Puneet1223/Network_Secuarity "HTTP/1.1 200 OK"
[2026-06-05 22:24:40,165] 1025 httpx - INFO - HTTP Request: GET https://dagshub.com/api/v1/repos/Puneet1223/Network_Secuarity "HTTP/1.1 200 OK"
[2026-06-05 22:24:41,389] 1025 httpx - INFO - HTTP Request: GET https://dagshub.com/api/v1/user "HTTP/1.1 200 OK"
[2026-06-05 22:24:41,392] 107 dagshub - INFO - Initialized MLflow to track repo "Puneet1223/Network_Secuarity"
[2026-06-05 22:24:41,393] 107 dagshub - INFO - Repository Puneet1223/Network_Secuarity initialized!
[2026-06-05 22:24:41,766] 1025 httpx - INFO - HTTP Request: GET https://dagshub.com/api/v1/user "HTTP/1.1 200 OK"
[2026-06-05 22:24:41,769] 107 dagshub - INFO - Initialized MLflow to track repo "Puneet1223/Network_Secuarity"
[2026-06-05 22:24:41,771] 107 dagshub - INFO - Repository Puneet1223/Network_Secuarity initialized!
[2026-06-05 22:25:07,380] 38 root - INFO - Start data Ingestion
[2026-06-05 22:25:13,215] 66 root - INFO - Performed train test split on the dataframe
[2026-06-05 22:25:13,216] 68 root - INFO - Exited split_data_as_train_test method of Data_Ingestion class
[2026-06-05 22:25:13,216] 76 root - INFO - Exporting train and test file path.
[2026-06-05 22:25:13,883] 85 root - INFO - Exported train and test file path.
[2026-06-05 22:25:13,884] 41 root - INFO - Data Ingestion completed and artifact: DataIngestionArtifact(train_file_path='Artifacts/06_05_2026_22_24_23/data_ingestion/ingested/train.csv', test_file_path='Artifacts/06_05_2026_22_24_23/data_ingestion/ingested/test.csv')
[2026-06-05 22:25:13,919] 51 root - INFO - Initiate the data Validation
[2026-06-05 22:25:14,050] 34 root - INFO - Required number of columns:2
[2026-06-05 22:25:14,050] 35 root - INFO - Data frame has columns:31
[2026-06-05 22:25:14,050] 34 root - INFO - Required number of columns:2
[2026-06-05 22:25:14,051] 35 root - INFO - Data frame has columns:31
[2026-06-05 22:25:14,801] 66 root - INFO - Entered initiate_data_transformation method of DataTransformation class
[2026-06-05 22:25:14,801] 68 root - INFO - Starting data transformation
[2026-06-05 22:25:15,000] 51 root - INFO - Entered get_data_trnasformer_object method of Trnasformation class
[2026-06-05 22:25:15,000] 56 root - INFO - Initialise KNNImputer with {'missing_values': nan, 'n_neighbors': 3, 'weights': 'uniform'}
[2026-06-05 22:25:15,066] 41 root - INFO - Entered the save_object method of MainUtils class
[2026-06-05 22:25:15,069] 45 root - INFO - Exited the save_object method of MainUtils class
[2026-06-05 22:25:15,069] 41 root - INFO - Entered the save_object method of MainUtils class
[2026-06-05 22:25:15,080] 45 root - INFO - Exited the save_object method of MainUtils class
[2026-06-05 22:27:14,884] 41 root - INFO - Entered the save_object method of MainUtils class
[2026-06-05 22:27:14,884] 45 root - INFO - Exited the save_object method of MainUtils class
[2026-06-05 22:27:14,884] 41 root - INFO - Entered the save_object method of MainUtils class
[2026-06-05 22:27:14,899] 45 root - INFO - Exited the save_object method of MainUtils class
[2026-06-05 22:27:14,899] 131 root - INFO - Model trainer artifact: ModelTrainerArtifact(trained_model_file_path='Artifacts/06_05_2026_22_24_23/model_trainer/trained_model/model.pkl', train_metric_artifact=ClassificationMetricArtifact(f1_score=0.9915487221260564, precision_score=0.9898353323846311, recall_score=0.9932680538555692), test_metric_artifact=ClassificationMetricArtifact(f1_score=0.9753381066030231, precision_score=0.9737887212073074, recall_score=0.9768924302788845))
