[2026-06-05 21:51:36,967] 1025 httpx - INFO - HTTP Request: GET https://dagshub.com/api/v1/user "HTTP/1.1 200 OK"
[2026-06-05 21:51:36,985] 107 dagshub - INFO - Accessing as Puneet1223
[2026-06-05 21:51:38,390] 1025 httpx - INFO - HTTP Request: GET https://dagshub.com/api/v1/repos/Puneet1223/Network_Secuarity "HTTP/1.1 200 OK"
[2026-06-05 21:51:39,649] 1025 httpx - INFO - HTTP Request: GET https://dagshub.com/api/v1/user "HTTP/1.1 200 OK"
[2026-06-05 21:51:39,652] 107 dagshub - INFO - Initialized MLflow to track repo "Puneet1223/Network_Secuarity"
[2026-06-05 21:51:39,653] 107 dagshub - INFO - Repository Puneet1223/Network_Secuarity initialized!
[2026-06-05 21:57:39,104] 38 root - INFO - Start data Ingestion
[2026-06-05 21:58:06,373] 66 root - INFO - Performed train test split on the dataframe
[2026-06-05 21:58:06,374] 68 root - INFO - Exited split_data_as_train_test method of Data_Ingestion class
[2026-06-05 21:58:06,374] 76 root - INFO - Exporting train and test file path.
[2026-06-05 21:58:06,734] 85 root - INFO - Exported train and test file path.
[2026-06-05 21:58:06,734] 41 root - INFO - Data Ingestion completed and artifact: DataIngestionArtifact(train_file_path='Artifacts/06_05_2026_21_51_25/data_ingestion/ingested/train.csv', test_file_path='Artifacts/06_05_2026_21_51_25/data_ingestion/ingested/test.csv')
[2026-06-05 21:58:06,824] 51 root - INFO - Initiate the data Validation
[2026-06-05 21:58:06,920] 34 root - INFO - Required number of columns:2
[2026-06-05 21:58:06,920] 35 root - INFO - Data frame has columns:31
[2026-06-05 21:58:06,920] 34 root - INFO - Required number of columns:2
[2026-06-05 21:58:06,920] 35 root - INFO - Data frame has columns:31
[2026-06-05 21:58:07,679] 66 root - INFO - Entered initiate_data_transformation method of DataTransformation class
[2026-06-05 21:58:07,679] 68 root - INFO - Starting data transformation
[2026-06-05 21:58:07,814] 51 root - INFO - Entered get_data_trnasformer_object method of Trnasformation class
[2026-06-05 21:58:07,815] 56 root - INFO - Initialise KNNImputer with {'missing_values': nan, 'n_neighbors': 3, 'weights': 'uniform'}
[2026-06-05 21:58:07,866] 41 root - INFO - Entered the save_object method of MainUtils class
[2026-06-05 21:58:07,871] 45 root - INFO - Exited the save_object method of MainUtils class
[2026-06-05 21:58:07,871] 41 root - INFO - Entered the save_object method of MainUtils class
[2026-06-05 21:58:07,879] 45 root - INFO - Exited the save_object method of MainUtils class
[2026-06-05 22:11:39,223] 41 root - INFO - Entered the save_object method of MainUtils class
[2026-06-05 22:11:39,227] 45 root - INFO - Exited the save_object method of MainUtils class
[2026-06-05 22:11:39,228] 41 root - INFO - Entered the save_object method of MainUtils class
[2026-06-05 22:11:39,255] 45 root - INFO - Exited the save_object method of MainUtils class
[2026-06-05 22:11:39,255] 131 root - INFO - Model trainer artifact: ModelTrainerArtifact(trained_model_file_path='Artifacts/06_05_2026_21_51_25/model_trainer/trained_model/model.pkl', train_metric_artifact=ClassificationMetricArtifact(f1_score=0.9916785061903796, precision_score=0.9902715849209567, recall_score=0.9930894308943089), test_metric_artifact=ClassificationMetricArtifact(f1_score=0.9720308066477503, precision_score=0.9747967479674797, recall_score=0.9692805173807599))
