[2026-06-08 14:30:55,176] 1025 httpx - INFO - HTTP Request: GET https://dagshub.com/api/v1/user "HTTP/1.1 200 OK"
[2026-06-08 14:30:55,265] 107 dagshub - INFO - Accessing as Puneet1223
[2026-06-08 14:30:57,064] 1025 httpx - INFO - HTTP Request: GET https://dagshub.com/api/v1/repos/Puneet1223/Network_Secuarity "HTTP/1.1 200 OK"
[2026-06-08 14:30:58,226] 1025 httpx - INFO - HTTP Request: GET https://dagshub.com/api/v1/user "HTTP/1.1 200 OK"
[2026-06-08 14:30:58,230] 107 dagshub - INFO - Initialized MLflow to track repo "Puneet1223/Network_Secuarity"
[2026-06-08 14:30:58,232] 107 dagshub - INFO - Repository Puneet1223/Network_Secuarity initialized!
[2026-06-08 14:31:21,788] 40 root - INFO - Start data Ingestion
[2026-06-08 14:31:25,793] 66 root - INFO - Performed train test split on the dataframe
[2026-06-08 14:31:25,793] 68 root - INFO - Exited split_data_as_train_test method of Data_Ingestion class
[2026-06-08 14:31:25,794] 76 root - INFO - Exporting train and test file path.
[2026-06-08 14:31:26,084] 85 root - INFO - Exported train and test file path.
[2026-06-08 14:31:26,085] 43 root - INFO - Data Ingestion completed and artifact: DataIngestionArtifact(train_file_path='Artifacts/06_08_2026_14_30_39/data_ingestion/ingested/train.csv', test_file_path='Artifacts/06_08_2026_14_30_39/data_ingestion/ingested/test.csv')
[2026-06-08 14:31:26,101] 53 root - INFO - Initiate the data Validation
[2026-06-08 14:31:26,188] 34 root - INFO - Required number of columns:2
[2026-06-08 14:31:26,188] 35 root - INFO - Data frame has columns:31
[2026-06-08 14:31:26,188] 34 root - INFO - Required number of columns:2
[2026-06-08 14:31:26,188] 35 root - INFO - Data frame has columns:31
[2026-06-08 14:31:26,843] 66 root - INFO - Entered initiate_data_transformation method of DataTransformation class
[2026-06-08 14:31:26,843] 68 root - INFO - Starting data transformation
[2026-06-08 14:31:27,093] 51 root - INFO - Entered get_data_trnasformer_object method of Trnasformation class
[2026-06-08 14:31:27,093] 56 root - INFO - Initialise KNNImputer with {'missing_values': nan, 'n_neighbors': 3, 'weights': 'uniform'}
[2026-06-08 14:31:27,197] 41 root - INFO - Entered the save_object method of MainUtils class
[2026-06-08 14:31:27,204] 45 root - INFO - Exited the save_object method of MainUtils class
[2026-06-08 14:31:27,204] 41 root - INFO - Entered the save_object method of MainUtils class
[2026-06-08 14:31:27,215] 45 root - INFO - Exited the save_object method of MainUtils class
[2026-06-08 14:33:23,065] 41 root - INFO - Entered the save_object method of MainUtils class
[2026-06-08 14:33:23,074] 45 root - INFO - Exited the save_object method of MainUtils class
[2026-06-08 14:33:23,074] 41 root - INFO - Entered the save_object method of MainUtils class
[2026-06-08 14:33:23,096] 45 root - INFO - Exited the save_object method of MainUtils class
[2026-06-08 14:33:23,097] 131 root - INFO - Model trainer artifact: ModelTrainerArtifact(trained_model_file_path='Artifacts/06_08_2026_14_30_39/model_trainer/trained_model/model.pkl', train_metric_artifact=ClassificationMetricArtifact(f1_score=0.9906882591093117, precision_score=0.9862958484482064, recall_score=0.9951199674664498), test_metric_artifact=ClassificationMetricArtifact(f1_score=0.9712689545091779, precision_score=0.9605367008681925, recall_score=0.9822437449556094))
