[2026-06-08 11:57:19,896] 1025 httpx - INFO - HTTP Request: GET https://dagshub.com/api/v1/user "HTTP/1.1 200 OK"
[2026-06-08 11:57:19,915] 107 dagshub - INFO - Accessing as Puneet1223
[2026-06-08 11:57:21,218] 1025 httpx - INFO - HTTP Request: GET https://dagshub.com/api/v1/repos/Puneet1223/Network_Secuarity "HTTP/1.1 200 OK"
[2026-06-08 11:57:21,940] 1025 httpx - INFO - HTTP Request: GET https://dagshub.com/api/v1/user "HTTP/1.1 200 OK"
[2026-06-08 11:57:21,951] 107 dagshub - INFO - Initialized MLflow to track repo "Puneet1223/Network_Secuarity"
[2026-06-08 11:57:21,952] 107 dagshub - INFO - Repository Puneet1223/Network_Secuarity initialized!
[2026-06-08 11:57:43,304] 39 root - INFO - Start data Ingestion
[2026-06-08 11:57:48,850] 66 root - INFO - Performed train test split on the dataframe
[2026-06-08 11:57:48,850] 68 root - INFO - Exited split_data_as_train_test method of Data_Ingestion class
[2026-06-08 11:57:48,851] 76 root - INFO - Exporting train and test file path.
[2026-06-08 11:57:49,071] 85 root - INFO - Exported train and test file path.
[2026-06-08 11:57:49,071] 42 root - INFO - Data Ingestion completed and artifact: DataIngestionArtifact(train_file_path='Artifacts/06_08_2026_11_57_00/data_ingestion/ingested/train.csv', test_file_path='Artifacts/06_08_2026_11_57_00/data_ingestion/ingested/test.csv')
[2026-06-08 11:57:49,086] 52 root - INFO - Initiate the data Validation
[2026-06-08 11:57:49,268] 34 root - INFO - Required number of columns:2
[2026-06-08 11:57:49,268] 35 root - INFO - Data frame has columns:31
[2026-06-08 11:57:49,268] 34 root - INFO - Required number of columns:2
[2026-06-08 11:57:49,268] 35 root - INFO - Data frame has columns:31
[2026-06-08 11:57:49,957] 66 root - INFO - Entered initiate_data_transformation method of DataTransformation class
[2026-06-08 11:57:49,957] 68 root - INFO - Starting data transformation
[2026-06-08 11:57:50,088] 51 root - INFO - Entered get_data_trnasformer_object method of Trnasformation class
[2026-06-08 11:57:50,089] 56 root - INFO - Initialise KNNImputer with {'missing_values': nan, 'n_neighbors': 3, 'weights': 'uniform'}
[2026-06-08 11:57:50,134] 41 root - INFO - Entered the save_object method of MainUtils class
[2026-06-08 11:57:50,140] 45 root - INFO - Exited the save_object method of MainUtils class
[2026-06-08 11:57:50,141] 41 root - INFO - Entered the save_object method of MainUtils class
[2026-06-08 11:57:50,146] 45 root - INFO - Exited the save_object method of MainUtils class
[2026-06-08 12:00:50,111] 41 root - INFO - Entered the save_object method of MainUtils class
[2026-06-08 12:00:50,113] 45 root - INFO - Exited the save_object method of MainUtils class
[2026-06-08 12:00:50,114] 41 root - INFO - Entered the save_object method of MainUtils class
[2026-06-08 12:00:50,132] 45 root - INFO - Exited the save_object method of MainUtils class
[2026-06-08 12:00:50,132] 131 root - INFO - Model trainer artifact: ModelTrainerArtifact(trained_model_file_path='Artifacts/06_08_2026_11_57_00/model_trainer/trained_model/model.pkl', train_metric_artifact=ClassificationMetricArtifact(f1_score=0.9921882925839505, precision_score=0.992288961038961, recall_score=0.9920876445526476), test_metric_artifact=ClassificationMetricArtifact(f1_score=0.9735018344883816, precision_score=0.9746938775510204, recall_score=0.9723127035830619))
