[2026-06-05 22:34:20,913] 1025 httpx - INFO - HTTP Request: GET https://dagshub.com/api/v1/user "HTTP/1.1 200 OK"
[2026-06-05 22:34:20,926] 107 dagshub - INFO - Accessing as Puneet1223
[2026-06-05 22:34:22,064] 1025 httpx - INFO - HTTP Request: GET https://dagshub.com/api/v1/repos/Puneet1223/Network_Secuarity "HTTP/1.1 200 OK"
[2026-06-05 22:34:23,187] 1025 httpx - INFO - HTTP Request: GET https://dagshub.com/api/v1/user "HTTP/1.1 200 OK"
[2026-06-05 22:34:23,188] 107 dagshub - INFO - Initialized MLflow to track repo "Puneet1223/Network_Secuarity"
[2026-06-05 22:34:23,189] 107 dagshub - INFO - Repository Puneet1223/Network_Secuarity initialized!
[2026-06-05 22:38:49,563] 38 root - INFO - Start data Ingestion
[2026-06-05 22:38:53,907] 66 root - INFO - Performed train test split on the dataframe
[2026-06-05 22:38:53,908] 68 root - INFO - Exited split_data_as_train_test method of Data_Ingestion class
[2026-06-05 22:38:53,908] 76 root - INFO - Exporting train and test file path.
[2026-06-05 22:38:54,155] 85 root - INFO - Exported train and test file path.
[2026-06-05 22:38:54,157] 41 root - INFO - Data Ingestion completed and artifact: DataIngestionArtifact(train_file_path='Artifacts/06_05_2026_22_34_13/data_ingestion/ingested/train.csv', test_file_path='Artifacts/06_05_2026_22_34_13/data_ingestion/ingested/test.csv')
[2026-06-05 22:38:54,175] 51 root - INFO - Initiate the data Validation
[2026-06-05 22:38:54,248] 34 root - INFO - Required number of columns:2
[2026-06-05 22:38:54,248] 35 root - INFO - Data frame has columns:31
[2026-06-05 22:38:54,248] 34 root - INFO - Required number of columns:2
[2026-06-05 22:38:54,248] 35 root - INFO - Data frame has columns:31
[2026-06-05 22:38:54,871] 66 root - INFO - Entered initiate_data_transformation method of DataTransformation class
[2026-06-05 22:38:54,871] 68 root - INFO - Starting data transformation
[2026-06-05 22:38:54,998] 51 root - INFO - Entered get_data_trnasformer_object method of Trnasformation class
[2026-06-05 22:38:54,998] 56 root - INFO - Initialise KNNImputer with {'missing_values': nan, 'n_neighbors': 3, 'weights': 'uniform'}
[2026-06-05 22:38:55,046] 41 root - INFO - Entered the save_object method of MainUtils class
[2026-06-05 22:38:55,049] 45 root - INFO - Exited the save_object method of MainUtils class
[2026-06-05 22:38:55,050] 41 root - INFO - Entered the save_object method of MainUtils class
[2026-06-05 22:38:55,058] 45 root - INFO - Exited the save_object method of MainUtils class
[2026-06-05 22:40:16,755] 41 root - INFO - Entered the save_object method of MainUtils class
[2026-06-05 22:40:16,757] 45 root - INFO - Exited the save_object method of MainUtils class
[2026-06-05 22:40:16,757] 41 root - INFO - Entered the save_object method of MainUtils class
[2026-06-05 22:40:16,770] 45 root - INFO - Exited the save_object method of MainUtils class
[2026-06-05 22:40:16,770] 131 root - INFO - Model trainer artifact: ModelTrainerArtifact(trained_model_file_path='Artifacts/06_05_2026_22_34_13/model_trainer/trained_model/model.pkl', train_metric_artifact=ClassificationMetricArtifact(f1_score=0.9914127990186056, precision_score=0.9904003267973857, recall_score=0.9924273434302088), test_metric_artifact=ClassificationMetricArtifact(f1_score=0.9748822605965463, precision_score=0.9725920125293657, recall_score=0.977183320220299))
[2026-06-05 22:40:17,312] 1025 httpx - INFO - HTTP Request: POST https://huggingface.co/api/models/Puneet876/network-security-model/preupload/main "HTTP/1.1 401 Unauthorized"
